[debug] [2021-12-09T09:24:40.491Z] ----------------------------------------------------------------------
[debug] [2021-12-09T09:24:40.495Z] Command:       C:\Program Files\nodejs\node.exe C:\Users\x441u\AppData\Roaming\npm\node_modules\firebase-tools\lib\bin\firebase.js init
[debug] [2021-12-09T09:24:40.496Z] CLI Version:   9.23.1
[debug] [2021-12-09T09:24:40.496Z] Platform:      win32
[debug] [2021-12-09T09:24:40.496Z] Node Version:  v14.17.0
[debug] [2021-12-09T09:24:40.498Z] Time:          Thu Dec 09 2021 16:24:40 GMT+0700 (Western Indonesia Time)
[debug] [2021-12-09T09:24:40.498Z] ----------------------------------------------------------------------
[debug] 
[debug] [2021-12-09T09:24:40.513Z] > command requires scopes: ["email","openid","https://www.googleapis.com/auth/cloudplatformprojects.readonly","https://www.googleapis.com/auth/firebase","https://www.googleapis.com/auth/cloud-platform"]
[debug] [2021-12-09T09:24:40.513Z] > authorizing via signed-in user (magusabdul@gmail.com)
[info] 
     ######## #### ########  ######## ########     ###     ######  ########
     ##        ##  ##     ## ##       ##     ##  ##   ##  ##       ##
     ######    ##  ########  ######   ########  #########  ######  ######
     ##        ##  ##    ##  ##       ##     ## ##     ##       ## ##
     ##       #### ##     ## ######## ########  ##     ##  ######  ########

You're about to initialize a Firebase project in this directory:

  E:\STTB\Kampus Merdeka\Studi Independent\Dicoding\Capstone\project\hydroponic-is-key

[info] 
=== Project Setup
[info] 
[info] First, let's associate this project directory with a Firebase project.
[info] You can create multiple project aliases by running firebase use --add, 
[info] but for now we'll just set up a default project.
[info] 
[debug] [2021-12-09T09:24:58.365Z] >>> [apiv2][query] GET https://firebase.googleapis.com/v1beta1/projects pageSize=100
[debug] [2021-12-09T09:24:59.207Z] <<< [apiv2][status] GET https://firebase.googleapis.com/v1beta1/projects 200
[debug] [2021-12-09T09:24:59.208Z] <<< [apiv2][body] GET https://firebase.googleapis.com/v1beta1/projects [omitted]
[info] i  Using project hydroponic-is-key (hydroponic-is-key) 
[info] 
=== Database Setup
[info] i  database: ensuring required API firebasedatabase.googleapis.com is enabled... 
[debug] [2021-12-09T09:25:00.250Z] >>> [apiv2][query] GET https://serviceusage.googleapis.com/v1/projects/hydroponic-is-key/services/firebasedatabase.googleapis.com [none]
